H:\WINDOWS7\DOCUMENTS\VISUAL STUDIO 2010\PROJECTS\RAYCASTING\DEBUG\RAYCASTING.EXE
H:\WINDOWS7\DOCUMENTS\VISUAL STUDIO 2010\PROJECTS\RAYCASTING\DEBUG\RAYCASTING.ILK
H:\WINDOWS7\DOCUMENTS\VISUAL STUDIO 2010\PROJECTS\RAYCASTING\DEBUG\RAYCASTING.PDB
H:\Windows7\Documents\Visual Studio 2010\Projects\RayCasting\RayCasting\Debug\cl.command.1.tlog
H:\Windows7\Documents\Visual Studio 2010\Projects\RayCasting\RayCasting\Debug\CL.read.1.tlog
H:\Windows7\Documents\Visual Studio 2010\Projects\RayCasting\RayCasting\Debug\CL.write.1.tlog
H:\Windows7\Documents\Visual Studio 2010\Projects\RayCasting\RayCasting\Debug\ColorRGB.cu.cache
H:\Windows7\Documents\Visual Studio 2010\Projects\RayCasting\RayCasting\Debug\ColorRGB.cu.obj
H:\WINDOWS7\DOCUMENTS\VISUAL STUDIO 2010\PROJECTS\RAYCASTING\RAYCASTING\DEBUG\FPSLIMITER.OBJ
H:\Windows7\Documents\Visual Studio 2010\Projects\RayCasting\RayCasting\Debug\GeometricObject.cu.cache
H:\Windows7\Documents\Visual Studio 2010\Projects\RayCasting\RayCasting\Debug\GeometricObject.cu.obj
H:\Windows7\Documents\Visual Studio 2010\Projects\RayCasting\RayCasting\Debug\HitInfo.cu.cache
H:\Windows7\Documents\Visual Studio 2010\Projects\RayCasting\RayCasting\Debug\HitInfo.cu.obj
H:\Windows7\Documents\Visual Studio 2010\Projects\RayCasting\RayCasting\Debug\HitInfoGPU.cu.cache
H:\Windows7\Documents\Visual Studio 2010\Projects\RayCasting\RayCasting\Debug\HitInfoGPU.cu.obj
H:\Windows7\Documents\Visual Studio 2010\Projects\RayCasting\RayCasting\Debug\link.5188.read.1.tlog
H:\Windows7\Documents\Visual Studio 2010\Projects\RayCasting\RayCasting\Debug\link.5188.write.1.tlog
H:\Windows7\Documents\Visual Studio 2010\Projects\RayCasting\RayCasting\Debug\link.5188-cvtres.read.1.tlog
H:\Windows7\Documents\Visual Studio 2010\Projects\RayCasting\RayCasting\Debug\link.5188-cvtres.write.1.tlog
H:\Windows7\Documents\Visual Studio 2010\Projects\RayCasting\RayCasting\Debug\link.command.1.tlog
H:\Windows7\Documents\Visual Studio 2010\Projects\RayCasting\RayCasting\Debug\link.read.1.tlog
H:\Windows7\Documents\Visual Studio 2010\Projects\RayCasting\RayCasting\Debug\link.write.1.tlog
H:\Windows7\Documents\Visual Studio 2010\Projects\RayCasting\RayCasting\Debug\link-cvtres.read.1.tlog
H:\Windows7\Documents\Visual Studio 2010\Projects\RayCasting\RayCasting\Debug\link-cvtres.write.1.tlog
H:\Windows7\Documents\Visual Studio 2010\Projects\RayCasting\RayCasting\Debug\main.cu.cache
H:\Windows7\Documents\Visual Studio 2010\Projects\RayCasting\RayCasting\Debug\main.cu.obj
H:\Windows7\Documents\Visual Studio 2010\Projects\RayCasting\RayCasting\Debug\MainWindow.cu.cache
H:\Windows7\Documents\Visual Studio 2010\Projects\RayCasting\RayCasting\Debug\MainWindow.cu.obj
H:\Windows7\Documents\Visual Studio 2010\Projects\RayCasting\RayCasting\Debug\mt.command.1.tlog
H:\Windows7\Documents\Visual Studio 2010\Projects\RayCasting\RayCasting\Debug\mt.read.1.tlog
H:\Windows7\Documents\Visual Studio 2010\Projects\RayCasting\RayCasting\Debug\mt.write.1.tlog
H:\Windows7\Documents\Visual Studio 2010\Projects\RayCasting\RayCasting\Debug\OrthogonalCamera.cu.cache
H:\Windows7\Documents\Visual Studio 2010\Projects\RayCasting\RayCasting\Debug\OrthogonalCamera.cu.obj
H:\Windows7\Documents\Visual Studio 2010\Projects\RayCasting\RayCasting\Debug\OrthonormalBasis.cu.cache
H:\Windows7\Documents\Visual Studio 2010\Projects\RayCasting\RayCasting\Debug\OrthonormalBasis.cu.obj
H:\Windows7\Documents\Visual Studio 2010\Projects\RayCasting\RayCasting\Debug\PerfectDiffuse.cu.cache
H:\Windows7\Documents\Visual Studio 2010\Projects\RayCasting\RayCasting\Debug\PerfectDiffuse.cu.obj
H:\Windows7\Documents\Visual Studio 2010\Projects\RayCasting\RayCasting\Debug\Phong.cu.cache
H:\Windows7\Documents\Visual Studio 2010\Projects\RayCasting\RayCasting\Debug\Phong.cu.obj
H:\Windows7\Documents\Visual Studio 2010\Projects\RayCasting\RayCasting\Debug\PhongGPU.cu.cache
H:\Windows7\Documents\Visual Studio 2010\Projects\RayCasting\RayCasting\Debug\PhongGPU.cu.obj
H:\Windows7\Documents\Visual Studio 2010\Projects\RayCasting\RayCasting\Debug\Pinhole.cu.cache
H:\Windows7\Documents\Visual Studio 2010\Projects\RayCasting\RayCasting\Debug\Pinhole.cu.obj
H:\Windows7\Documents\Visual Studio 2010\Projects\RayCasting\RayCasting\Debug\PinholeGPU.cu.cache
H:\Windows7\Documents\Visual Studio 2010\Projects\RayCasting\RayCasting\Debug\PinholeGPU.cu.obj
H:\Windows7\Documents\Visual Studio 2010\Projects\RayCasting\RayCasting\Debug\Plane.cu.cache
H:\Windows7\Documents\Visual Studio 2010\Projects\RayCasting\RayCasting\Debug\Plane.cu.obj
H:\Windows7\Documents\Visual Studio 2010\Projects\RayCasting\RayCasting\Debug\PointLight.cu.cache
H:\Windows7\Documents\Visual Studio 2010\Projects\RayCasting\RayCasting\Debug\PointLight.cu.obj
H:\Windows7\Documents\Visual Studio 2010\Projects\RayCasting\RayCasting\Debug\Ray.cu.cache
H:\Windows7\Documents\Visual Studio 2010\Projects\RayCasting\RayCasting\Debug\Ray.cu.obj
H:\Windows7\Documents\Visual Studio 2010\Projects\RayCasting\RayCasting\Debug\RayCasting.device-link.obj
H:\WINDOWS7\DOCUMENTS\VISUAL STUDIO 2010\PROJECTS\RAYCASTING\RAYCASTING\DEBUG\RAYCASTING.EXE.EMBED.MANIFEST
H:\WINDOWS7\DOCUMENTS\VISUAL STUDIO 2010\PROJECTS\RAYCASTING\RAYCASTING\DEBUG\RAYCASTING.EXE.EMBED.MANIFEST.RES
H:\WINDOWS7\DOCUMENTS\VISUAL STUDIO 2010\PROJECTS\RAYCASTING\RAYCASTING\DEBUG\RAYCASTING.EXE.INTERMEDIATE.MANIFEST
H:\Windows7\Documents\Visual Studio 2010\Projects\RayCasting\RayCasting\Debug\RayCasting.vcxprojResolveAssemblyReference.cache
H:\Windows7\Documents\Visual Studio 2010\Projects\RayCasting\RayCasting\Debug\RayCasting.write.1.tlog
H:\Windows7\Documents\Visual Studio 2010\Projects\RayCasting\RayCasting\Debug\RayCasting_manifest.rc
H:\Windows7\Documents\Visual Studio 2010\Projects\RayCasting\RayCasting\Debug\RayTracerCPU.cu.cache
H:\Windows7\Documents\Visual Studio 2010\Projects\RayCasting\RayCasting\Debug\RayTracerCPU.cu.obj
H:\Windows7\Documents\Visual Studio 2010\Projects\RayCasting\RayCasting\Debug\RayTracerGPU.cu.cache
H:\Windows7\Documents\Visual Studio 2010\Projects\RayCasting\RayCasting\Debug\RayTracerGPU.cu.obj
H:\Windows7\Documents\Visual Studio 2010\Projects\RayCasting\RayCasting\Debug\rc.command.1.tlog
H:\Windows7\Documents\Visual Studio 2010\Projects\RayCasting\RayCasting\Debug\rc.read.1.tlog
H:\Windows7\Documents\Visual Studio 2010\Projects\RayCasting\RayCasting\Debug\rc.write.1.tlog
H:\Windows7\Documents\Visual Studio 2010\Projects\RayCasting\RayCasting\Debug\Sphere.cu.cache
H:\Windows7\Documents\Visual Studio 2010\Projects\RayCasting\RayCasting\Debug\Sphere.cu.obj
H:\Windows7\Documents\Visual Studio 2010\Projects\RayCasting\RayCasting\Debug\SphereGPU.cu.cache
H:\Windows7\Documents\Visual Studio 2010\Projects\RayCasting\RayCasting\Debug\SphereGPU.cu.obj
H:\Windows7\Documents\Visual Studio 2010\Projects\RayCasting\RayCasting\Debug\vc100.idb
H:\WINDOWS7\DOCUMENTS\VISUAL STUDIO 2010\PROJECTS\RAYCASTING\RAYCASTING\DEBUG\VC100.PDB
H:\Windows7\Documents\Visual Studio 2010\Projects\RayCasting\RayCasting\Debug\Vector2.cu.cache
H:\Windows7\Documents\Visual Studio 2010\Projects\RayCasting\RayCasting\Debug\Vector2.cu.obj
H:\Windows7\Documents\Visual Studio 2010\Projects\RayCasting\RayCasting\Debug\Vector3.cu.cache
H:\Windows7\Documents\Visual Studio 2010\Projects\RayCasting\RayCasting\Debug\Vector3.cu.obj
H:\Windows7\Documents\Visual Studio 2010\Projects\RayCasting\RayCasting\Debug\World.cu.cache
H:\Windows7\Documents\Visual Studio 2010\Projects\RayCasting\RayCasting\Debug\World.cu.obj
